
> templar-archives@0.1.0 build
> next build

 ⚠ Warning: Next.js inferred your workspace root, but it may not be correct.
 We detected multiple lockfiles and selected the directory of /Users/zed/package-lock.json as the root directory.
 To silence this warning, set `outputFileTracingRoot` in your Next.js config, or consider removing one of the lockfiles if it's not needed.
   See https://nextjs.org/docs/app/api-reference/config/next-config-js/output#caveats for more information.
 Detected additional lockfiles: 
   * /Users/zed/Desktop/Archive/templar-archives/pnpm-lock.yaml

   ▲ Next.js 15.5.5
   - Environments: .env.local, .env.production

   Creating an optimized production build ...
 ✓ Compiled successfully in 3.9s
   Skipping validation of types
   Skipping linting
   Collecting page data ...
 ⚠ Using edge runtime on a page currently disables static generation for that page
   Generating static pages (0/25) ...
[YouTube API] Starting request...
[YouTube API] API Key present: true
[YouTube API] API Key length: 39
[YouTube API] Fetching live streams from priority channels: WSOP, Triton Poker, PokerStars, Hustler Casino Live
[YouTube API] Using 4 hardcoded channel IDs
   Generating static pages (6/25) 
[YouTube API] Live streams found: 0
✓ Found 5 recent video(s) for WSOP
✓ Found 5 recent video(s) for Triton Poker
✓ Found 5 recent video(s) for PokerStars
✓ Found 5 recent video(s) for Hustler Casino Live
[YouTube API] Total videos found (all types): 20
[YouTube API] Unique videos after deduplication: 20
[YouTube API] Final streams count: 8
[YouTube API] Stream types: { completed: 4, recent: 4 }
[YouTube API] Channels: PokerStars Brasil, PokerStars Brasil, GGPoker, GGPoker, PokerStars Brasil, PokerStars Brasil, PokerStars Brasil, HCL Poker Clips
[YouTube API] Request completed successfully
   Generating static pages (12/25) 
   Generating static pages (18/25) 
 ✓ Generating static pages (25/25)
   Finalizing page optimization ...
   Collecting build traces ...

Route (app)                                 Size  First Load JS  Revalidate  Expire
┌ ○ /                                    7.06 kB         222 kB
├ ○ /_not-found                            151 B         102 kB
├ ○ /admin/claims                        5.62 kB         220 kB
├ ○ /admin/content                       5.45 kB         220 kB
├ ○ /admin/dashboard                     3.57 kB         218 kB
├ ○ /admin/edit-requests                 5.54 kB         220 kB
├ ○ /admin/migration                     3.71 kB         114 kB
├ ○ /admin/users                         4.99 kB         226 kB
├ ƒ /api/import-hands                      151 B         102 kB
├ ƒ /api/natural-search                    151 B         102 kB
├ ƒ /api/parse-hendon-mob                  151 B         102 kB
├ ƒ /api/parse-hendon-mob-html             151 B         102 kB
├ ƒ /api/parse-payout-csv                  151 B         102 kB
├ ƒ /api/youtube/channel-streams           151 B         102 kB
├ ○ /api/youtube/live-streams              151 B         102 kB          1h      1y
├ ○ /archive                             64.7 kB         291 kB
├ ○ /auth/callback                       1.63 kB         151 kB
├ ○ /auth/login                          1.72 kB         184 kB
├ ○ /bookmarks                           6.65 kB         228 kB
├ ○ /community                           8.61 kB         235 kB
├ ƒ /community/[id]                      3.54 kB         230 kB
├ ○ /my-edit-requests                    4.99 kB         220 kB
├ ○ /notifications                       4.03 kB         219 kB
├ ○ /players                             5.82 kB         227 kB
├ ƒ /players/[id]                        10.2 kB         232 kB
├ ○ /profile                             2.37 kB         217 kB
├ ƒ /profile/[id]                         6.1 kB         221 kB
├ ○ /search                              7.57 kB         232 kB
└ ○ /test                                  487 B         103 kB
+ First Load JS shared by all             102 kB
  ├ chunks/1255-8ed6c64af9e8c6fb.js      45.5 kB
  ├ chunks/4bd1b696-100b9d70ed4e49c1.js  54.2 kB
  └ other shared chunks (total)          2.49 kB


○  (Static)   prerendered as static content
ƒ  (Dynamic)  server-rendered on demand

